


ARM Macro Assembler    Page 1 


    1 00000000                 AREA             LOOKUP_EXAMPLE,READONLY,CODE
    2 00000000                 ENTRY
    3 00000000         
    4 00000000 F04F 0105       MOV              R1, #5
    5 00000004 F04F 0201       MOV              R2, #1
    6 00000008 4B09            LDR              R3, =MY_DATA
    7 0000000A         
    8 0000000A         
    9 0000000A         IN
   10 0000000A 428A            CMP              R2, R1
   11 0000000C DC04            BGT              OUT
   12 0000000E F843 2B04       STR              R2, [R3], #4
   13 00000012 F102 0201       ADD              R2,R2,#1
   14 00000016 E7F8            B                IN
   15 00000018         OUT
   16 00000018         
   17 00000018         
   18 00000018         MY_DATA
   19 00000018 0000000A 
              00000014 
              0000001E 
              00000028 
              00000032         DCD              10,20,30,40,50
   20 0000002C         
   21 0000002C         
   22 0000002C         END_OF_PROGRAM
   23 0000002C E7FE            B                END_OF_PROGRAM
   24 0000002E         
   25 0000002E         END
                       
              00 00 00000000 
Command Line: --debug --xref --diag_suppress=9931 --cpu=Cortex-M4.fp --apcs=int
erwork --depend=.\objects\main.d -o.\objects\main.o -I.\RTE\Device\STM32F401RET
x -I.\RTE\Device\STM32F401RETx\STCubeGenerated\Inc -I.\RTE\_Target_1 -IC:\Keil_
v5\ARM\PACK\Keil\STM32F4xx_DFP\2.16.0\Drivers\CMSIS\Device\ST\STM32F4xx\Include
 -IC:\Keil_v5\ARM\CMSIS\Include --predefine="__UVISION_VERSION SETA 525" --pred
efine="_RTE_ SETA 1" --predefine="STM32F401xE SETA 1" --list=.\listings\main.ls
t main.s



ARM Macro Assembler    Page 1 Alphabetic symbol ordering
Relocatable symbols

END 0000002E

Symbol: END
   Definitions
      At line 25 in file main.s
   Uses
      None
Comment: END unused
END_OF_PROGRAM 0000002C

Symbol: END_OF_PROGRAM
   Definitions
      At line 22 in file main.s
   Uses
      At line 23 in file main.s
Comment: END_OF_PROGRAM used once
IN 0000000A

Symbol: IN
   Definitions
      At line 9 in file main.s
   Uses
      At line 14 in file main.s
Comment: IN used once
LOOKUP_EXAMPLE 00000000

Symbol: LOOKUP_EXAMPLE
   Definitions
      At line 1 in file main.s
   Uses
      None
Comment: LOOKUP_EXAMPLE unused
MY_DATA 00000018

Symbol: MY_DATA
   Definitions
      At line 18 in file main.s
   Uses
      At line 6 in file main.s
Comment: MY_DATA used once
OUT 00000018

Symbol: OUT
   Definitions
      At line 15 in file main.s
   Uses
      At line 11 in file main.s
Comment: OUT used once
6 symbols
342 symbols in table
